<?xml version="1.0" encoding="UTF-8"?>
<testng-results ignored="0" total="1" passed="1" failed="0" skipped="0">
  <reporter-output>
  </reporter-output>
  <suite started-at="2021-09-01T09:58:19Z" name="Suite" finished-at="2021-09-01T09:58:37Z" duration-ms="17982">
    <groups>
    </groups>
    <test started-at="2021-09-01T09:58:19Z" name="Test" finished-at="2021-09-01T09:58:37Z" duration-ms="17982">
      <class name="com.framework.testcases.LoginTestCRM">
        <test-method is-config="true" signature="setupSuite()[pri:0, instance:com.framework.testcases.LoginTestCRM@75d2da2d]" started-at="2021-09-01T09:58:18Z" name="setupSuite" finished-at="2021-09-01T09:58:19Z" duration-ms="808" status="PASS">
          <reporter-output>
          </reporter-output>
        </test-method> <!-- setupSuite -->
        <test-method is-config="true" signature="setup()[pri:0, instance:com.framework.testcases.LoginTestCRM@75d2da2d]" started-at="2021-09-01T09:58:19Z" name="setup" finished-at="2021-09-01T09:58:24Z" duration-ms="5524" status="PASS">
          <reporter-output>
          </reporter-output>
        </test-method> <!-- setup -->
        <test-method signature="loginApp()[pri:0, instance:com.framework.testcases.LoginTestCRM@75d2da2d]" started-at="2021-09-01T09:58:24Z" name="loginApp" finished-at="2021-09-01T09:58:35Z" duration-ms="10493" status="PASS">
          <reporter-output>
          </reporter-output>
        </test-method> <!-- loginApp -->
        <test-method is-config="true" signature="tearDownMethod(org.testng.ITestResult)[pri:0, instance:com.framework.testcases.LoginTestCRM@75d2da2d]" started-at="2021-09-01T09:58:35Z" name="tearDownMethod" finished-at="2021-09-01T09:58:36Z" duration-ms="1120" status="PASS">
          <params>
            <param index="0">
              <value>
                <![CDATA[[TestResult name=loginApp status=SUCCESS method=LoginTestCRM.loginApp()[pri:0, instance:com.framework.testcases.LoginTestCRM@75d2da2d] output={null}]]]>
              </value>
            </param>
          </params>
          <reporter-output>
          </reporter-output>
        </test-method> <!-- tearDownMethod -->
        <test-method is-config="true" signature="tearDown()[pri:0, instance:com.framework.testcases.LoginTestCRM@75d2da2d]" started-at="2021-09-01T09:58:36Z" name="tearDown" finished-at="2021-09-01T09:58:37Z" duration-ms="821" status="PASS">
          <reporter-output>
          </reporter-output>
        </test-method> <!-- tearDown -->
      </class> <!-- com.framework.testcases.LoginTestCRM -->
    </test> <!-- Test -->
  </suite> <!-- Suite -->
</testng-results>
